<?xml version="1.0" encoding="UTF-8"?>
<coverage generated="1682515425178" clover="3.2.0">
  <project timestamp="1682515425178" name="All files">
    <metrics statements="19" coveredstatements="11" conditionals="2" coveredconditionals="1" methods="8" coveredmethods="5" elements="29" coveredelements="17" complexity="0" loc="19" ncloc="19" packages="5" files="7" classes="7"/>
    <package name="src">
      <metrics statements="12" coveredstatements="10" conditionals="2" coveredconditionals="1" methods="4" coveredmethods="4"/>
      <file name="App.tsx" path="D:/LITTORAL_PECHE/STORE_LOGICIEL/App/babone-vite/src/App.tsx">
        <metrics statements="6" coveredstatements="6" conditionals="0" coveredconditionals="0" methods="3" coveredmethods="3"/>
        <line num="12" count="3" type="stmt"/>
        <line num="30" count="3" type="stmt"/>
        <line num="31" count="2" type="stmt"/>
        <line num="32" count="4" type="stmt"/>
        <line num="44" count="2" type="stmt"/>
        <line num="55" count="4" type="stmt"/>
      </file>
      <file name="error-page.tsx" path="D:/LITTORAL_PECHE/STORE_LOGICIEL/App/babone-vite/src/error-page.tsx">
        <metrics statements="4" coveredstatements="4" conditionals="2" coveredconditionals="1" methods="1" coveredmethods="1"/>
        <line num="8" count="1" type="stmt"/>
        <line num="9" count="1" type="stmt"/>
        <line num="10" count="1" type="stmt"/>
        <line num="12" count="1" type="stmt"/>
      </file>
      <file name="main.tsx" path="D:/LITTORAL_PECHE/STORE_LOGICIEL/App/babone-vite/src/main.tsx">
        <metrics statements="2" coveredstatements="0" conditionals="0" coveredconditionals="0" methods="0" coveredmethods="0"/>
        <line num="10" count="0" type="stmt"/>
        <line num="30" count="0" type="stmt"/>
      </file>
    </package>
    <package name="src.components">
      <metrics statements="1" coveredstatements="1" conditionals="0" coveredconditionals="0" methods="1" coveredmethods="1"/>
      <file name="sum.js" path="D:/LITTORAL_PECHE/STORE_LOGICIEL/App/babone-vite/src/components/sum.js">
        <metrics statements="1" coveredstatements="1" conditionals="0" coveredconditionals="0" methods="1" coveredmethods="1"/>
        <line num="2" count="1" type="stmt"/>
      </file>
    </package>
    <package name="src.components.header.TopNav">
      <metrics statements="2" coveredstatements="0" conditionals="0" coveredconditionals="0" methods="1" coveredmethods="0"/>
      <file name="index.tsx" path="D:/LITTORAL_PECHE/STORE_LOGICIEL/App/babone-vite/src/components/header/TopNav/index.tsx">
        <metrics statements="2" coveredstatements="0" conditionals="0" coveredconditionals="0" methods="1" coveredmethods="0"/>
        <line num="2" count="0" type="stmt"/>
        <line num="3" count="0" type="stmt"/>
      </file>
    </package>
    <package name="src.pages.Erp">
      <metrics statements="2" coveredstatements="0" conditionals="0" coveredconditionals="0" methods="1" coveredmethods="0"/>
      <file name="index.tsx" path="D:/LITTORAL_PECHE/STORE_LOGICIEL/App/babone-vite/src/pages/Erp/index.tsx">
        <metrics statements="2" coveredstatements="0" conditionals="0" coveredconditionals="0" methods="1" coveredmethods="0"/>
        <line num="1" count="0" type="stmt"/>
        <line num="2" count="0" type="stmt"/>
      </file>
    </package>
    <package name="src.pages.Home">
      <metrics statements="2" coveredstatements="0" conditionals="0" coveredconditionals="0" methods="1" coveredmethods="0"/>
      <file name="index.tsx" path="D:/LITTORAL_PECHE/STORE_LOGICIEL/App/babone-vite/src/pages/Home/index.tsx">
        <metrics statements="2" coveredstatements="0" conditionals="0" coveredconditionals="0" methods="1" coveredmethods="0"/>
        <line num="1" count="0" type="stmt"/>
        <line num="2" count="0" type="stmt"/>
      </file>
    </package>
  </project>
</coverage>
