{"D:/LITTORAL_PECHE/STORE_LOGICIEL/App/babone-vite/src/App.tsx": {"path":"D:/LITTORAL_PECHE/STORE_LOGICIEL/App/babone-vite/src/App.tsx","statementMap":{"0":{"start":{"line":12,"column":13},"end":{"line":28,"column":null}},"1":{"start":{"line":30,"column":22},"end":{"line":66,"column":null}},"2":{"start":{"line":31,"column":38},"end":{"line":42,"column":null}},"3":{"start":{"line":32,"column":4},"end":{"line":40,"column":null}},"4":{"start":{"line":44,"column":2},"end":{"line":64,"column":null}},"5":{"start":{"line":55,"column":10},"end":{"line":61,"column":null}}},"fnMap":{"0":{"name":"(anonymous_0)","decl":{"start":{"line":30,"column":22},"end":{"line":30,"column":28}},"loc":{"start":{"line":30,"column":28},"end":{"line":66,"column":null}}},"1":{"name":"(anonymous_1)","decl":{"start":{"line":31,"column":38},"end":{"line":31,"column":39}},"loc":{"start":{"line":31,"column":78},"end":{"line":42,"column":null}}},"2":{"name":"(anonymous_2)","decl":{"start":{"line":54,"column":18},"end":{"line":54,"column":19}},"loc":{"start":{"line":55,"column":10},"end":{"line":61,"column":null}}}},"branchMap":{},"s":{"0":3,"1":3,"2":2,"3":4,"4":2,"5":4},"f":{"0":2,"1":4,"2":4},"b":{}}
,"D:/LITTORAL_PECHE/STORE_LOGICIEL/App/babone-vite/src/error-page.tsx": {"path":"D:/LITTORAL_PECHE/STORE_LOGICIEL/App/babone-vite/src/error-page.tsx","statementMap":{"0":{"start":{"line":8,"column":28},"end":{"line":21,"column":null}},"1":{"start":{"line":9,"column":44},"end":{"line":9,"column":null}},"2":{"start":{"line":10,"column":2},"end":{"line":10,"column":null}},"3":{"start":{"line":12,"column":2},"end":{"line":19,"column":null}}},"fnMap":{"0":{"name":"(anonymous_0)","decl":{"start":{"line":8,"column":28},"end":{"line":8,"column":34}},"loc":{"start":{"line":8,"column":34},"end":{"line":21,"column":null}}}},"branchMap":{"0":{"loc":{"start":{"line":17,"column":13},"end":{"line":17,"column":70}},"type":"binary-expr","locations":[{"start":{"line":17,"column":13},"end":{"line":17,"column":45}},{"start":{"line":17,"column":45},"end":{"line":17,"column":70}}]}},"s":{"0":1,"1":1,"2":1,"3":1},"f":{"0":1},"b":{"0":[1,0]}}
,"D:/LITTORAL_PECHE/STORE_LOGICIEL/App/babone-vite/src/main.tsx": {"path":"D:/LITTORAL_PECHE/STORE_LOGICIEL/App/babone-vite/src/main.tsx","statementMap":{"0":{"start":{"line":10,"column":15},"end":{"line":28,"column":null}},"1":{"start":{"line":30,"column":0},"end":{"line":34,"column":null}}},"fnMap":{},"branchMap":{},"s":{"0":0,"1":0},"f":{},"b":{}}
,"D:/LITTORAL_PECHE/STORE_LOGICIEL/App/babone-vite/src/components/sum.js": {"path":"D:/LITTORAL_PECHE/STORE_LOGICIEL/App/babone-vite/src/components/sum.js","statementMap":{"0":{"start":{"line":2,"column":2},"end":{"line":2,"column":15}}},"fnMap":{"0":{"name":"sum","decl":{"start":{"line":1,"column":9},"end":{"line":1,"column":12}},"loc":{"start":{"line":1,"column":19},"end":{"line":3,"column":1}}}},"branchMap":{},"s":{"0":1},"f":{"0":1},"b":{}}
,"D:/LITTORAL_PECHE/STORE_LOGICIEL/App/babone-vite/src/components/header/TopNav/index.tsx": {"path":"D:/LITTORAL_PECHE/STORE_LOGICIEL/App/babone-vite/src/components/header/TopNav/index.tsx","statementMap":{"0":{"start":{"line":2,"column":25},"end":{"line":19,"column":null}},"1":{"start":{"line":3,"column":2},"end":{"line":17,"column":null}}},"fnMap":{"0":{"name":"(anonymous_0)","decl":{"start":{"line":2,"column":25},"end":{"line":2,"column":31}},"loc":{"start":{"line":2,"column":31},"end":{"line":19,"column":null}}}},"branchMap":{},"s":{"0":0,"1":0},"f":{"0":0},"b":{}}
,"D:/LITTORAL_PECHE/STORE_LOGICIEL/App/babone-vite/src/pages/Erp/index.tsx": {"path":"D:/LITTORAL_PECHE/STORE_LOGICIEL/App/babone-vite/src/pages/Erp/index.tsx","statementMap":{"0":{"start":{"line":1,"column":22},"end":{"line":7,"column":null}},"1":{"start":{"line":2,"column":2},"end":{"line":5,"column":null}}},"fnMap":{"0":{"name":"(anonymous_0)","decl":{"start":{"line":1,"column":22},"end":{"line":1,"column":28}},"loc":{"start":{"line":1,"column":28},"end":{"line":7,"column":null}}}},"branchMap":{},"s":{"0":0,"1":0},"f":{"0":0},"b":{}}
,"D:/LITTORAL_PECHE/STORE_LOGICIEL/App/babone-vite/src/pages/Home/index.tsx": {"path":"D:/LITTORAL_PECHE/STORE_LOGICIEL/App/babone-vite/src/pages/Home/index.tsx","statementMap":{"0":{"start":{"line":1,"column":23},"end":{"line":3,"column":null}},"1":{"start":{"line":2,"column":2},"end":{"line":2,"column":null}}},"fnMap":{"0":{"name":"(anonymous_0)","decl":{"start":{"line":1,"column":23},"end":{"line":1,"column":29}},"loc":{"start":{"line":1,"column":29},"end":{"line":3,"column":null}}}},"branchMap":{},"s":{"0":0,"1":0},"f":{"0":0},"b":{}}
}
